<?xml version="1.0" encoding="UTF-8"?>
<!-- Generated by org.testng.reporters.JUnitReportReporter -->
<testsuite hostname="LAPTOP-C7EHRFH9" failures="0" tests="1" name="testscript.SendContactDetailsTest" time="10.140" errors="0" timestamp="2023-06-04T14:15:10 IST" skipped="0">
  <testcase classname="testscript.SendContactDetailsTest" name="sendContactDetailsTest" time="10.140"/>
  <system-out/>
</testsuite> <!-- testscript.SendContactDetailsTest -->
