<?xml version="1.0" encoding="UTF-8"?>
<!-- Generated by org.testng.reporters.JUnitReportReporter -->
<testsuite hostname="LAPTOP-C7EHRFH9" failures="0" tests="1" name="testscript.addToCartTest" time="13.980" errors="0" timestamp="2023-06-04T14:15:10 IST" skipped="0">
  <testcase classname="testscript.addToCartTest" name="addToCart" time="13.980"/>
  <system-out/>
</testsuite> <!-- testscript.addToCartTest -->
