<?xml version="1.0" encoding="UTF-8"?>
<!-- Generated by org.testng.reporters.JUnitReportReporter -->
<testsuite hostname="LAPTOP-C7EHRFH9" failures="0" tests="1" name="testscript.AddPythonToCartTest" time="13.297" errors="0" timestamp="2023-06-07T14:27:16 IST" skipped="0">
  <testcase classname="testscript.AddPythonToCartTest" name="addpythonToCartTest" time="13.297"/>
  <system-out/>
</testsuite> <!-- testscript.AddPythonToCartTest -->
